T6084 000:001.506   SEGGER J-Link V7.96j Log File
T6084 000:001.664   DLL Compiled: May 29 2024 15:36:36
T6084 000:001.698   Logging started @ 2024-08-20 16:38
T6084 000:001.725   Process: C:\Users\MyPC\.eclipse\com.renesas.platform_766579204\DebugComp\RA\e2-server-gdb.exe
T6084 000:001.752 - 1.751ms
T6084 000:001.786 JLINK_GetDLLVersion()
T6084 000:001.815 - 0.028ms returns 79610
T6084 000:002.481 JLINK_OpenEx(...)
T6084 000:011.826   Firmware: J-Link OB-S124 compiled Jul  3 2024 17:03:07
T6084 000:013.173   Firmware: J-Link OB-S124 compiled Jul  3 2024 17:03:07
T6084 000:038.810   Hardware: V1.00
T6084 000:038.892   S/N: 831706077
T6084 000:038.929   OEM: SEGGER
T6084 000:038.971   Feature(s): None
T6084 000:040.411   Bootloader: 2019 Oct 15
T6084 000:041.911   USB speed mode: Full speed (12 MBit/s)
T6084 000:042.975   TELNET listener socket opened on port 19021
T6084 000:043.167   WEBSRV WEBSRV_Init(): Starting webserver thread(s)
T6084 000:043.353   WEBSRV Webserver running on local port 19080
T6084 000:043.576   Looking for J-Link GUI Server exe at: C:\Users\MyPC\.eclipse\com.renesas.platform_766579204\DebugComp\RA\ARM\Segger_v7.96.10\JLinkGUIServer.exe
T6084 000:043.937   Looking for J-Link GUI Server exe at: \JLinkGUIServer.exe
T6084 000:352.089   Failed to connect to J-Link GUI Server.
T6084 000:352.362 - 349.848ms returns "O.K."
T6084 000:353.513 JLINK_ExecCommand("ProjectFile=C:\Users\a5073464\Documents\QCStudio\workspaces\tests\ek_ra6m4_generic_uart_baremetal_serial/ek_ra6m4_generic_uart_baremetal_serial Debug_Flat.jlink", ...). 
T6084 000:427.506 - 74.006ms returns 0x00
T6084 000:428.022 JLINK_ExecCommand("device=R7FA6M4AF", ...). 
T6084 000:428.200   Flash bank @ 0x0100A100: SFL: Parsing sectorization info from ELF file
T6084 000:428.223     FlashDevice.SectorInfo[0]: .SectorSize = 0x00000010, .SectorStartAddr = 0x00000000
T6084 000:428.242   FlashBank @0x0100A100: Sectorization info from SFL ELF file ignored because sectorization override from DLL / XML file is active.
T6084 000:428.579   Flash bank @ 0x60000000: SFL: Parsing sectorization info from ELF file
T6084 000:428.605     FlashDevice.SectorInfo[0]: .SectorSize = 0x00010000, .SectorStartAddr = 0x00000000
T6084 000:431.555   Device "R7FA6M4AF" selected.
T6084 000:432.423 - 4.369ms returns 0x00
T6084 000:432.453 JLINK_TIF_GetAvailable(...)
T6084 000:432.985 - 0.535ms
T6084 000:433.020 JLINK_TIF_Select(JLINKARM_TIF_SWD)
T6084 000:434.373 - 1.353ms returns 0x00
T6084 000:434.441 JLINK_SetSpeed(4000)
T6084 000:434.711 - 0.276ms
T6084 000:434.758 JLINK_ReadMem(0xE000EDF0, 0x4 Bytes, ...)
T6084 000:435.031   ConfigTargetSettings() start
T6084 000:435.053    J-Link Script File: Executing ConfigTargetSettings()
T6084 000:435.069   Configuring FlashDLNoRMWThreshold=0x200 in order to make sure that option bytes programming is done via read-modify-write
T6084 000:453.752   ConfigTargetSettings() end - Took 18.6ms
T6084 000:453.788   InitTarget() start
T6084 000:453.807    J-Link Script File: Executing InitTarget()
T6084 000:453.821   SWD selected. Executing JTAG -> SWD switching sequence.
T6084 000:458.029   DAP initialized successfully.
T6084 000:458.060   Determining TrustZone configuration...
T6084 000:460.421     Secure Debug: Enabled (SSD)
T6084 000:460.456   Determining currently configured transfer type by reading the AHB-AP CSW register.
T6084 000:462.420     --> Correct transfer type configured. Done.
T6084 000:462.445   InitTarget() end - Took 8.63ms
T6084 000:463.451   Found SW-DP with ID 0x6BA02477
T6084 000:467.820   DPIDR: 0x6BA02477
T6084 000:467.853   CoreSight SoC-400 or earlier
T6084 000:467.872   Scanning AP map to find all available APs
T6084 000:470.223   AP[2]: Stopped AP scan as end of AP map has been reached
T6084 000:470.251   AP[0]: AHB-AP (IDR: 0x84770001)
T6084 000:470.273   AP[1]: APB-AP (IDR: 0x54770002)
T6084 000:470.294   Iterating through AP map to find AHB-AP to use
T6084 000:472.299   AP[0]: Core found
T6084 000:472.330   AP[0]: AHB-AP ROM base: 0xE00FE000
T6084 000:473.308   CPUID register: 0x410FD214. Implementer code: 0x41 (ARM)
T6084 000:473.389   Feature set: Mainline
T6084 000:474.323   Cache: No cache
T6084 000:474.366   Found Cortex-M33 r0p4, Little endian.
T6084 000:475.151   -- Max. mem block: 0x00001B00
T6084 000:476.864   CPU_ReadMem(4 bytes @ 0xE000EDF0)
T6084 000:477.778   CPU_WriteMem(4 bytes @ 0xE000EDF0)
T6084 000:478.573   CPU_ReadMem(4 bytes @ 0xE0002000)
T6084 000:479.337   FPUnit: 8 code (BP) slots and 0 literal slots
T6084 000:479.359   CPU_ReadMem(4 bytes @ 0xE000EDFC)
T6084 000:480.111   CPU_WriteMem(4 bytes @ 0xE000EDFC)
T6084 000:480.826   CPU_ReadMem(4 bytes @ 0xE0001000)
T6084 000:481.566   CPU_ReadMem(4 bytes @ 0xE0001000)
T6084 000:482.392   CPU_ReadMem(4 bytes @ 0xE0001028)
T6084 000:483.155   CPU_ReadMem(4 bytes @ 0xE0001038)
T6084 000:483.887   CPU_ReadMem(4 bytes @ 0xE0001048)
T6084 000:484.608   CPU_ReadMem(4 bytes @ 0xE0001058)
T6084 000:485.392   CPU_WriteMem(4 bytes @ 0xE0001000)
T6084 000:486.241   CPU_ReadMem(4 bytes @ 0xE000ED88)
T6084 000:486.975   CPU_WriteMem(4 bytes @ 0xE000ED88)
T6084 000:487.744   CPU_ReadMem(4 bytes @ 0xE000ED88)
T6084 000:488.429   CPU_WriteMem(4 bytes @ 0xE000ED88)
T6084 000:489.269   CPU_ReadMem(4 bytes @ 0xE000EFB8)
T6084 000:489.962   Security extension: implemented
T6084 000:490.008   Secure debug: enabled
T6084 000:490.042   CoreSight components:
T6084 000:490.075   ROMTbl[0] @ E00FE000
T6084 000:490.109   CPU_ReadMem(64 bytes @ 0xE00FE000)
T6084 000:491.593   CPU_ReadMem(32 bytes @ 0xE0044FE0)
T6084 000:492.669   CPU_ReadMem(4 bytes @ 0xE0044FBC)
T6084 000:493.386   CPU_ReadMem(4 bytes @ 0xE0044FCC)
T6084 000:494.086   [0][0]: E0044000 CID B105900D PID 005BB906 DEVARCH 00000000 DEVTYPE 14 CTI (?)
T6084 000:494.149   CPU_ReadMem(32 bytes @ 0xE0047FE0)
T6084 000:495.220   CPU_ReadMem(4 bytes @ 0xE0047FBC)
T6084 000:495.978   CPU_ReadMem(4 bytes @ 0xE0047FCC)
T6084 000:496.708   [0][1]: E0047000 CID B105900D PID 003BB908 DEVARCH 00000000 DEVTYPE 12 CSTF
T6084 000:496.758   CPU_ReadMem(32 bytes @ 0xE0048FE0)
T6084 000:497.831   CPU_ReadMem(4 bytes @ 0xE0048FBC)
T6084 000:498.584   CPU_ReadMem(4 bytes @ 0xE0048FCC)
T6084 000:499.342   [0][2]: E0048000 CID B105900D PID 001BB961 DEVARCH 00000000 DEVTYPE 21 ETB
T6084 000:499.390   CPU_ReadMem(32 bytes @ 0xE0049FE0)
T6084 000:500.478   [0][3]: E0049000 CID B105F00D PID 001BB101 TSG
T6084 000:500.507   CPU_ReadMem(32 bytes @ 0xE0040FE0)
T6084 000:501.572   CPU_ReadMem(4 bytes @ 0xE0040FBC)
T6084 000:502.294   CPU_ReadMem(4 bytes @ 0xE0040FCC)
T6084 000:502.966   [0][4]: E0040000 CID B105900D PID 000BBD21 DEVARCH 00000000 DEVTYPE 11 TPIU
T6084 000:502.989   CPU_ReadMem(32 bytes @ 0xE00FFFE0)
T6084 000:503.971   [0][5]: E00FF000 CID B105100D PID 000BB4C9 ROM Table
T6084 000:504.000   ROMTbl[1] @ E00FF000
T6084 000:504.019   CPU_ReadMem(64 bytes @ 0xE00FF000)
T6084 000:505.452   CPU_ReadMem(32 bytes @ 0xE000EFE0)
T6084 000:506.520   CPU_ReadMem(4 bytes @ 0xE000EFBC)
T6084 000:507.275   CPU_ReadMem(4 bytes @ 0xE000EFCC)
T6084 000:507.962   [1][0]: E000E000 CID B105900D PID 000BBD21 DEVARCH 47702A04 DEVTYPE 00 Cortex-M33
T6084 000:507.994   CPU_ReadMem(32 bytes @ 0xE0001FE0)
T6084 000:509.018   CPU_ReadMem(4 bytes @ 0xE0001FBC)
T6084 000:509.823   CPU_ReadMem(4 bytes @ 0xE0001FCC)
T6084 000:510.603   [1][1]: E0001000 CID B105900D PID 000BBD21 DEVARCH 47701A02 DEVTYPE 00 DWT
T6084 000:510.639   CPU_ReadMem(32 bytes @ 0xE0002FE0)
T6084 000:511.705   CPU_ReadMem(4 bytes @ 0xE0002FBC)
T6084 000:512.467   CPU_ReadMem(4 bytes @ 0xE0002FCC)
T6084 000:513.269   [1][2]: E0002000 CID B105900D PID 000BBD21 DEVARCH 47701A03 DEVTYPE 00 FPB
T6084 000:513.311   CPU_ReadMem(32 bytes @ 0xE0000FE0)
T6084 000:514.351   CPU_ReadMem(4 bytes @ 0xE0000FBC)
T6084 000:515.249   CPU_ReadMem(4 bytes @ 0xE0000FCC)
T6084 000:515.957   [1][3]: E0000000 CID B105900D PID 000BBD21 DEVARCH 47701A01 DEVTYPE 43 ITM
T6084 000:515.981   CPU_ReadMem(32 bytes @ 0xE0041FE0)
T6084 000:517.013   CPU_ReadMem(4 bytes @ 0xE0041FBC)
T6084 000:517.775   CPU_ReadMem(4 bytes @ 0xE0041FCC)
T6084 000:518.562   [1][5]: E0041000 CID B105900D PID 002BBD21 DEVARCH 47724A13 DEVTYPE 13 ETM
T6084 000:518.591   CPU_ReadMem(32 bytes @ 0xE0042FE0)
T6084 000:519.586   CPU_ReadMem(4 bytes @ 0xE0042FBC)
T6084 000:520.319   CPU_ReadMem(4 bytes @ 0xE0042FCC)
T6084 000:521.038   [1][6]: E0042000 CID B105900D PID 000BBD21 DEVARCH 47701A14 DEVTYPE 14 CSS600-CTI
T6084 000:521.121   CPU_ReadMem(4 bytes @ 0xE000EDF0)
T6084 000:521.759   Data:  01 00 14 01
T6084 000:521.796   Debug reg: DHCSR
T6084 000:521.829 - 87.070ms returns 0
T6084 000:521.915 JLINK_ReadMem(0x400E002C, 0x4 Bytes, ...)
T6084 000:521.943   CPU_ReadMem(4 bytes @ 0x400E002C)
T6084 000:522.632   Data:  02 00 00 00
T6084 000:522.680 - 0.765ms returns 0
T6084 000:522.731 JLINK_ReadMem(0xE000EDF0, 0x4 Bytes, ...)
T6084 000:522.758   CPU_ReadMem(4 bytes @ 0xE000EDF0)
T6084 000:523.489   Data:  01 00 14 01
T6084 000:523.529   Debug reg: DHCSR
T6084 000:523.566 - 0.835ms returns 0
T6084 000:523.608 JLINK_ReadMem(0xE000EDF0, 0x4 Bytes, ...)
T6084 000:523.635   CPU_ReadMem(4 bytes @ 0xE000EDF0)
T6084 000:524.280   Data:  01 00 14 01
T6084 000:524.346   Debug reg: DHCSR
T6084 000:524.389 - 0.781ms returns 0
T6084 000:524.422 JLINK_ReadMem(0x400E001C, 0x4 Bytes, ...)
T6084 000:524.454   CPU_ReadMem(4 bytes @ 0x400E001C)
T6084 000:525.252   Data:  00 64 01 00
T6084 000:525.301 - 0.879ms returns 0
T6084 000:525.338 JLINK_ReadMem(0xE000EDF0, 0x4 Bytes, ...)
T6084 000:525.370   CPU_ReadMem(4 bytes @ 0xE000EDF0)
T6084 000:526.050   Data:  01 00 14 01
T6084 000:526.099   Debug reg: DHCSR
T6084 000:526.143 - 0.804ms returns 0
T6084 000:526.177 JLINK_ReadMem(0x400E0018, 0x4 Bytes, ...)
T6084 000:526.210   CPU_ReadMem(4 bytes @ 0x400E0018)
T6084 000:526.893   Data:  00 80 01 00
T6084 000:526.950 - 0.772ms returns 0
T6084 000:526.991 JLINK_ReadMem(0xE000EDF0, 0x4 Bytes, ...)
T6084 000:527.025   CPU_ReadMem(4 bytes @ 0xE000EDF0)
T6084 000:527.906   Data:  01 00 14 01
T6084 000:528.086   Debug reg: DHCSR
T6084 000:528.144 - 1.152ms returns 0
T6084 000:528.193 JLINK_ReadMem(0x400E0020, 0x4 Bytes, ...)
T6084 000:528.246   CPU_ReadMem(4 bytes @ 0x400E0020)
T6084 000:529.257   Data:  00 00 00 00
T6084 000:529.362 - 1.169ms returns 0
T6084 000:529.421 JLINK_ReadMem(0xE000EDF0, 0x4 Bytes, ...)
T6084 000:529.468   CPU_ReadMem(4 bytes @ 0xE000EDF0)
T6084 000:530.282   Data:  01 00 14 01
T6084 000:530.347   Debug reg: DHCSR
T6084 000:530.405 - 0.985ms returns 0
T6084 000:530.451 JLINK_ReadMem(0x400E0028, 0x4 Bytes, ...)
T6084 000:530.495   CPU_ReadMem(4 bytes @ 0x400E0028)
T6084 000:531.404   Data:  00 A0 01 00
T6084 000:531.565 - 1.113ms returns 0
T6084 000:531.630 JLINK_ReadMem(0xE000EDF0, 0x4 Bytes, ...)
T6084 000:531.764   CPU_ReadMem(4 bytes @ 0xE000EDF0)
T6084 000:532.530   Data:  01 00 14 01
T6084 000:532.647   Debug reg: DHCSR
T6084 000:532.708 - 1.079ms returns 0
T6084 000:532.759 JLINK_ReadMem(0x400E0024, 0x4 Bytes, ...)
T6084 000:532.807   CPU_ReadMem(4 bytes @ 0x400E0024)
T6084 000:533.533   Data:  00 A0 01 00
T6084 000:533.629 - 0.869ms returns 0
T6084 000:533.685 JLINK_ReadMem(0xE000EDF0, 0x4 Bytes, ...)
T6084 000:533.732   CPU_ReadMem(4 bytes @ 0xE000EDF0)
T6084 000:534.489   Data:  01 00 14 01
T6084 000:534.578   Debug reg: DHCSR
T6084 000:534.633 - 0.948ms returns 0
T6084 000:534.678 JLINK_ReadMem(0x400E002C, 0x4 Bytes, ...)
T6084 000:534.720   CPU_ReadMem(4 bytes @ 0x400E002C)
T6084 000:535.508   Data:  02 00 00 00
T6084 000:535.566 - 0.887ms returns 0
T6084 000:535.616 JLINK_ReadMem(0xE000EDF0, 0x4 Bytes, ...)
T6084 000:535.657   CPU_ReadMem(4 bytes @ 0xE000EDF0)
T6084 000:536.396   Data:  01 00 14 01
T6084 000:536.459   Debug reg: DHCSR
T6084 000:536.514 - 0.897ms returns 0
T6084 000:536.554 JLINK_ReadMem(0x400E002C, 0x4 Bytes, ...)
T6084 000:536.594   CPU_ReadMem(4 bytes @ 0x400E002C)
T6084 000:537.367   Data:  02 00 00 00
T6084 000:537.425 - 0.871ms returns 0
T6084 000:547.337 JLINK_Close()
T6084 000:566.225 - 18.885ms
T6084 000:566.373   
T6084 000:566.420   Closed
