T763C 000:001.501   SEGGER J-Link V7.96a Log File
T763C 000:001.674   DLL Compiled: Mar 14 2024 17:11:32
T763C 000:001.712   Logging started @ 2024-10-09 21:39
T763C 000:001.742   Process: C:\Users\a5146632\.eclipse\com.renesas.platform_766579204\DebugComp\RA\e2-server-gdb.exe
T763C 000:001.775 - 1.773ms
T763C 000:001.812 JLINK_GetDLLVersion()
T763C 000:001.843 - 0.030ms returns 79601
T763C 000:003.606 JLINK_OpenEx(...)
T763C 000:015.816   Firmware: J-Link OB-S124 compiled Jul  3 2024 17:03:07
T763C 000:016.904   Firmware: J-Link OB-S124 compiled Jul  3 2024 17:03:07
T763C 000:042.237   Hardware: V1.00
T763C 000:042.336   S/N: 831953286
T763C 000:042.383   OEM: SEGGER
T763C 000:042.433   Feature(s): None
T763C 000:043.882   Bootloader: 2019 Oct 15
T763C 000:044.906   USB speed mode: Full speed (12 MBit/s)
T763C 000:045.706   TELNET listener socket opened on port 19021
T763C 000:046.004   WEBSRV WEBSRV_Init(): Starting webserver thread(s)
T763C 000:046.393   WEBSRV Webserver running on local port 19080
T763C 000:046.727   Looking for J-Link GUI Server exe at: C:\Users\a5146632\.eclipse\com.renesas.platform_766579204\DebugComp\RA\ARM\Segger_v7.96.1\JLinkGUIServer.exe
T763C 000:047.161   Looking for J-Link GUI Server exe at: \JLinkGUIServer.exe
T763C 000:350.860   Failed to connect to J-Link GUI Server.
T763C 000:351.004 - 347.385ms returns "O.K."
T763C 000:360.603 JLINK_ExecCommand("ProjectFile=C:\Repositories\test_workspace_docker\github_partner_proj\ek_ra6m4_fecs44_generic_uart_baremetal_serial/ek_ra6m4_baremetal Debug_Flat.jlink", ...). 
T763C 000:436.243 - 75.640ms returns 0x00
T763C 000:436.753 JLINK_ExecCommand("device=R7FA6M4AF", ...). 
T763C 000:437.891   Flash bank @ 0x0100A100: SFL: Parsing sectorization info from ELF file
T763C 000:437.924     FlashDevice.SectorInfo[0]: .SectorSize = 0x00000010, .SectorStartAddr = 0x00000000
T763C 000:437.946   FlashBank @0x0100A100: Sectorization info from SFL ELF file ignored because sectorization override from DLL / XML file is active.
T763C 000:439.220   Flash bank @ 0x60000000: SFL: Parsing sectorization info from ELF file
T763C 000:439.253     FlashDevice.SectorInfo[0]: .SectorSize = 0x00010000, .SectorStartAddr = 0x00000000
T763C 000:441.897   Device "R7FA6M4AF" selected.
T763C 000:444.402 - 7.625ms returns 0x00
T763C 000:444.446 JLINK_TIF_GetAvailable(...)
T763C 000:444.721 - 0.274ms
T763C 000:444.756 JLINK_TIF_Select(JLINKARM_TIF_SWD)
T763C 000:445.569 - 0.812ms returns 0x00
T763C 000:445.592 JLINK_SetSpeed(4000)
T763C 000:445.703 - 0.113ms
T763C 000:445.735 JLINK_ReadMem(0xE000EDF0, 0x4 Bytes, ...)
T763C 000:446.695   ConfigTargetSettings() start
T763C 000:446.726    J-Link Script File: Executing ConfigTargetSettings()
T763C 000:447.067   Configuring FlashDLNoRMWThreshold=0x200 in order to make sure that option bytes programming is done via read-modify-write
T763C 000:469.069   ConfigTargetSettings() end - Took 22.3ms
T763C 000:469.313   InitTarget() start
T763C 000:469.341    J-Link Script File: Executing InitTarget()
T763C 000:469.361   SWD selected. Executing JTAG -> SWD switching sequence.
T763C 000:472.547   DAP initialized successfully.
T763C 000:472.589   Determining TrustZone configuration...
T763C 000:474.560     Secure Debug: Enabled (SSD)
T763C 000:474.589   Determining currently configured transfer type by reading the AHB-AP CSW register.
T763C 000:476.075     --> Correct transfer type configured. Done.
T763C 000:476.105   InitTarget() end - Took 6.76ms
T763C 000:477.075   Found SW-DP with ID 0x6BA02477
T763C 000:481.494   DPIDR: 0x6BA02477
T763C 000:481.545   CoreSight SoC-400 or earlier
T763C 000:481.571   Scanning AP map to find all available APs
T763C 000:483.517   AP[2]: Stopped AP scan as end of AP map has been reached
T763C 000:483.768   AP[0]: AHB-AP (IDR: 0x84770001)
T763C 000:483.808   AP[1]: APB-AP (IDR: 0x54770002)
T763C 000:483.829   Iterating through AP map to find AHB-AP to use
T763C 000:485.422   AP[0]: Core found
T763C 000:485.476   AP[0]: AHB-AP ROM base: 0xE00FE000
T763C 000:486.415   CPUID register: 0x410FD214. Implementer code: 0x41 (ARM)
T763C 000:486.486   Feature set: Mainline
T763C 000:487.282   Cache: No cache
T763C 000:487.306   Found Cortex-M33 r0p4, Little endian.
T763C 000:487.988   -- Max. mem block: 0x00001B00
T763C 000:490.056   CPU_ReadMem(4 bytes @ 0xE000EDF0)
T763C 000:491.304   CPU_WriteMem(4 bytes @ 0xE000EDF0)
T763C 000:492.089   CPU_ReadMem(4 bytes @ 0xE0002000)
T763C 000:492.771   FPUnit: 8 code (BP) slots and 0 literal slots
T763C 000:492.812   CPU_ReadMem(4 bytes @ 0xE000EDFC)
T763C 000:493.514   CPU_WriteMem(4 bytes @ 0xE000EDFC)
T763C 000:494.189   CPU_ReadMem(4 bytes @ 0xE0001000)
T763C 000:494.882   CPU_ReadMem(4 bytes @ 0xE0001000)
T763C 000:495.607   CPU_ReadMem(4 bytes @ 0xE0001028)
T763C 000:496.298   CPU_ReadMem(4 bytes @ 0xE0001038)
T763C 000:496.938   CPU_ReadMem(4 bytes @ 0xE0001048)
T763C 000:497.738   CPU_ReadMem(4 bytes @ 0xE0001058)
T763C 000:498.322   CPU_WriteMem(4 bytes @ 0xE0001000)
T763C 000:499.108   CPU_ReadMem(4 bytes @ 0xE000ED88)
T763C 000:499.690   CPU_WriteMem(4 bytes @ 0xE000ED88)
T763C 000:500.591   CPU_ReadMem(4 bytes @ 0xE000ED88)
T763C 000:501.366   CPU_WriteMem(4 bytes @ 0xE000ED88)
T763C 000:502.180   CPU_ReadMem(4 bytes @ 0xE000EFB8)
T763C 000:502.840   Security extension: implemented
T763C 000:502.894   Secure debug: enabled
T763C 000:502.915   CoreSight components:
T763C 000:502.937   ROMTbl[0] @ E00FE000
T763C 000:502.958   CPU_ReadMem(64 bytes @ 0xE00FE000)
T763C 000:504.455   CPU_ReadMem(32 bytes @ 0xE0044FE0)
T763C 000:505.508   CPU_ReadMem(4 bytes @ 0xE0044FBC)
T763C 000:506.182   CPU_ReadMem(4 bytes @ 0xE0044FCC)
T763C 000:506.791   [0][0]: E0044000 CID B105900D PID 005BB906 DEVARCH 00000000 DEVTYPE 14 CTI (?)
T763C 000:506.831   CPU_ReadMem(32 bytes @ 0xE0047FE0)
T763C 000:507.838   CPU_ReadMem(4 bytes @ 0xE0047FBC)
T763C 000:508.510   CPU_ReadMem(4 bytes @ 0xE0047FCC)
T763C 000:509.211   [0][1]: E0047000 CID B105900D PID 003BB908 DEVARCH 00000000 DEVTYPE 12 CSTF
T763C 000:509.252   CPU_ReadMem(32 bytes @ 0xE0048FE0)
T763C 000:510.267   CPU_ReadMem(4 bytes @ 0xE0048FBC)
T763C 000:510.812   CPU_ReadMem(4 bytes @ 0xE0048FCC)
T763C 000:511.497   [0][2]: E0048000 CID B105900D PID 001BB961 DEVARCH 00000000 DEVTYPE 21 ETB
T763C 000:511.534   CPU_ReadMem(32 bytes @ 0xE0049FE0)
T763C 000:512.552   [0][3]: E0049000 CID B105F00D PID 001BB101 TSG
T763C 000:512.575   CPU_ReadMem(32 bytes @ 0xE0040FE0)
T763C 000:513.557   CPU_ReadMem(4 bytes @ 0xE0040FBC)
T763C 000:514.109   CPU_ReadMem(4 bytes @ 0xE0040FCC)
T763C 000:514.685   [0][4]: E0040000 CID B105900D PID 000BBD21 DEVARCH 00000000 DEVTYPE 11 TPIU
T763C 000:514.724   CPU_ReadMem(32 bytes @ 0xE00FFFE0)
T763C 000:515.722   [0][5]: E00FF000 CID B105100D PID 000BB4C9 ROM Table
T763C 000:515.755   ROMTbl[1] @ E00FF000
T763C 000:515.776   CPU_ReadMem(64 bytes @ 0xE00FF000)
T763C 000:517.236   CPU_ReadMem(32 bytes @ 0xE000EFE0)
T763C 000:518.345   CPU_ReadMem(4 bytes @ 0xE000EFBC)
T763C 000:518.974   CPU_ReadMem(4 bytes @ 0xE000EFCC)
T763C 000:519.673   [1][0]: E000E000 CID B105900D PID 000BBD21 DEVARCH 47702A04 DEVTYPE 00 Cortex-M33
T763C 000:519.715   CPU_ReadMem(32 bytes @ 0xE0001FE0)
T763C 000:520.771   CPU_ReadMem(4 bytes @ 0xE0001FBC)
T763C 000:521.406   CPU_ReadMem(4 bytes @ 0xE0001FCC)
T763C 000:521.991   [1][1]: E0001000 CID B105900D PID 000BBD21 DEVARCH 47701A02 DEVTYPE 00 DWT
T763C 000:522.024   CPU_ReadMem(32 bytes @ 0xE0002FE0)
T763C 000:523.051   CPU_ReadMem(4 bytes @ 0xE0002FBC)
T763C 000:523.564   CPU_ReadMem(4 bytes @ 0xE0002FCC)
T763C 000:524.223   [1][2]: E0002000 CID B105900D PID 000BBD21 DEVARCH 47701A03 DEVTYPE 00 FPB
T763C 000:524.245   CPU_ReadMem(32 bytes @ 0xE0000FE0)
T763C 000:525.128   CPU_ReadMem(4 bytes @ 0xE0000FBC)
T763C 000:525.849   CPU_ReadMem(4 bytes @ 0xE0000FCC)
T763C 000:526.450   [1][3]: E0000000 CID B105900D PID 000BBD21 DEVARCH 47701A01 DEVTYPE 43 ITM
T763C 000:526.472   CPU_ReadMem(32 bytes @ 0xE0041FE0)
T763C 000:527.418   CPU_ReadMem(4 bytes @ 0xE0041FBC)
T763C 000:528.047   CPU_ReadMem(4 bytes @ 0xE0041FCC)
T763C 000:528.826   [1][5]: E0041000 CID B105900D PID 002BBD21 DEVARCH 47724A13 DEVTYPE 13 ETM
T763C 000:528.854   CPU_ReadMem(32 bytes @ 0xE0042FE0)
T763C 000:529.784   CPU_ReadMem(4 bytes @ 0xE0042FBC)
T763C 000:530.533   CPU_ReadMem(4 bytes @ 0xE0042FCC)
T763C 000:531.110   [1][6]: E0042000 CID B105900D PID 000BBD21 DEVARCH 47701A14 DEVTYPE 14 CSS600-CTI
T763C 000:531.167   CPU_ReadMem(4 bytes @ 0xE000EDF0)
T763C 000:531.696   Data:  01 00 10 01
T763C 000:531.728   Debug reg: DHCSR
T763C 000:531.749 - 86.014ms returns 0
T763C 000:531.812 JLINK_ReadMem(0x400E002C, 0x4 Bytes, ...)
T763C 000:531.833   CPU_ReadMem(4 bytes @ 0x400E002C)
T763C 000:532.402   Data:  02 00 00 00
T763C 000:532.438 - 0.626ms returns 0
T763C 000:532.486 JLINK_ReadMem(0xE000EDF0, 0x4 Bytes, ...)
T763C 000:532.508   CPU_ReadMem(4 bytes @ 0xE000EDF0)
T763C 000:533.113   Data:  01 00 10 01
T763C 000:533.136   Debug reg: DHCSR
T763C 000:533.157 - 0.671ms returns 0
T763C 000:533.183 JLINK_ReadMem(0xE000EDF0, 0x4 Bytes, ...)
T763C 000:533.199   CPU_ReadMem(4 bytes @ 0xE000EDF0)
T763C 000:533.764   Data:  01 00 10 01
T763C 000:533.786   Debug reg: DHCSR
T763C 000:533.806 - 0.623ms returns 0
T763C 000:533.821 JLINK_ReadMem(0x400E001C, 0x4 Bytes, ...)
T763C 000:533.837   CPU_ReadMem(4 bytes @ 0x400E001C)
T763C 000:534.365   Data:  00 0C 00 00
T763C 000:534.411 - 0.589ms returns 0
T763C 000:534.429 JLINK_ReadMem(0xE000EDF0, 0x4 Bytes, ...)
T763C 000:534.445   CPU_ReadMem(4 bytes @ 0xE000EDF0)
T763C 000:535.066   Data:  01 00 10 01
T763C 000:535.091   Debug reg: DHCSR
T763C 000:535.111 - 0.682ms returns 0
T763C 000:535.127 JLINK_ReadMem(0x400E0018, 0x4 Bytes, ...)
T763C 000:535.142   CPU_ReadMem(4 bytes @ 0x400E0018)
T763C 000:535.722   Data:  00 80 00 00
T763C 000:535.744 - 0.617ms returns 0
T763C 000:535.761 JLINK_ReadMem(0xE000EDF0, 0x4 Bytes, ...)
T763C 000:535.777   CPU_ReadMem(4 bytes @ 0xE000EDF0)
T763C 000:536.380   Data:  01 00 10 01
T763C 000:536.402   Debug reg: DHCSR
T763C 000:536.422 - 0.661ms returns 0
T763C 000:536.438 JLINK_ReadMem(0x400E0020, 0x4 Bytes, ...)
T763C 000:536.453   CPU_ReadMem(4 bytes @ 0x400E0020)
T763C 000:537.100   Data:  00 00 00 00
T763C 000:537.123 - 0.685ms returns 0
T763C 000:537.140 JLINK_ReadMem(0xE000EDF0, 0x4 Bytes, ...)
T763C 000:537.158   CPU_ReadMem(4 bytes @ 0xE000EDF0)
T763C 000:537.775   Data:  01 00 10 01
T763C 000:537.797   Debug reg: DHCSR
T763C 000:537.817 - 0.677ms returns 0
T763C 000:537.832 JLINK_ReadMem(0x400E0028, 0x4 Bytes, ...)
T763C 000:537.848   CPU_ReadMem(4 bytes @ 0x400E0028)
T763C 000:538.525   Data:  00 08 00 00
T763C 000:538.547 - 0.714ms returns 0
T763C 000:538.564 JLINK_ReadMem(0xE000EDF0, 0x4 Bytes, ...)
T763C 000:538.580   CPU_ReadMem(4 bytes @ 0xE000EDF0)
T763C 000:539.163   Data:  01 00 10 01
T763C 000:539.185   Debug reg: DHCSR
T763C 000:539.206 - 0.641ms returns 0
T763C 000:539.221 JLINK_ReadMem(0x400E0024, 0x4 Bytes, ...)
T763C 000:539.236   CPU_ReadMem(4 bytes @ 0x400E0024)
T763C 000:539.849   Data:  00 20 00 00
T763C 000:539.874 - 0.653ms returns 0
T763C 000:539.891 JLINK_ReadMem(0xE000EDF0, 0x4 Bytes, ...)
T763C 000:539.907   CPU_ReadMem(4 bytes @ 0xE000EDF0)
T763C 000:540.623   Data:  01 00 10 01
T763C 000:540.645   Debug reg: DHCSR
T763C 000:540.666 - 0.774ms returns 0
T763C 000:540.682 JLINK_ReadMem(0x400E002C, 0x4 Bytes, ...)
T763C 000:540.697   CPU_ReadMem(4 bytes @ 0x400E002C)
T763C 000:541.346   Data:  02 00 00 00
T763C 000:541.369 - 0.687ms returns 0
T763C 000:541.386 JLINK_ReadMem(0xE000EDF0, 0x4 Bytes, ...)
T763C 000:541.401   CPU_ReadMem(4 bytes @ 0xE000EDF0)
T763C 000:542.012   Data:  01 00 10 01
T763C 000:542.034   Debug reg: DHCSR
T763C 000:542.054 - 0.668ms returns 0
T763C 000:542.070 JLINK_ReadMem(0x400E002C, 0x4 Bytes, ...)
T763C 000:542.088   CPU_ReadMem(4 bytes @ 0x400E002C)
T763C 000:542.672   Data:  02 00 00 00
T763C 000:542.694 - 0.624ms returns 0
T763C 000:548.160 JLINK_Close()
T763C 000:574.118 - 25.957ms
T763C 000:574.190   
T763C 000:574.204   Closed
